<?xml version="1.0" encoding="UTF-8"?>
<testng-results ignored="0" total="1" passed="1" failed="0" skipped="0">
  <reporter-output>
  </reporter-output>
  <suite started-at="2022-11-01T17:50:01 IST" name="Default suite" finished-at="2022-11-01T17:50:01 IST" duration-ms="78">
    <groups>
    </groups>
    <test started-at="2022-11-01T17:50:01 IST" name="Default test" finished-at="2022-11-01T17:50:01 IST" duration-ms="78">
      <class name="Demo.trial">
        <test-method signature="method1()[pri:0, instance:Demo.trial@702b8b12]" started-at="2022-11-01T17:50:01 IST" name="method1" finished-at="2022-11-01T17:50:01 IST" duration-ms="13" status="PASS">
          <reporter-output>
          </reporter-output>
        </test-method> <!-- method1 -->
      </class> <!-- Demo.trial -->
    </test> <!-- Default test -->
  </suite> <!-- Default suite -->
</testng-results>
